shackbrowse/manifest-merger-release-report.txt
-- Merging decision tree log ---
manifest
ADDED from AndroidManifest.xml:2:1
	xmlns:android
		ADDED from AndroidManifest.xml:2:11
	package
		ADDED from AndroidManifest.xml:3:7
	android:versionName
		ADDED from AndroidManifest.xml:5:7
	android:versionCode
		ADDED from AndroidManifest.xml:4:7
		INJECTED from AndroidManifest.xml:0:0
		INJECTED from AndroidManifest.xml:0:0
uses-permission#android.permission.INTERNET
ADDED from AndroidManifest.xml:6:1
	android:name
		ADDED from AndroidManifest.xml:6:18
uses-permission#android.permission.WRITE_EXTERNAL_STORAGE
ADDED from AndroidManifest.xml:7:1
	android:name
		ADDED from AndroidManifest.xml:7:18
uses-permission#android.permission.ACCESS_NETWORK_STATE
ADDED from AndroidManifest.xml:8:1
	android:name
		ADDED from AndroidManifest.xml:8:18
uses-permission#android.permission.GET_ACCOUNTS
ADDED from AndroidManifest.xml:9:1
	android:name
		ADDED from AndroidManifest.xml:9:18
uses-permission#android.permission.VIBRATE
ADDED from AndroidManifest.xml:10:1
	android:name
		ADDED from AndroidManifest.xml:10:18
uses-permission#android.permission.WAKE_LOCK
ADDED from AndroidManifest.xml:13:1
	android:name
		ADDED from AndroidManifest.xml:13:18
uses-permission#com.google.android.c2dm.permission.RECEIVE
ADDED from AndroidManifest.xml:14:1
	android:name
		ADDED from AndroidManifest.xml:14:18
permission#swigglesoft.shackbrowse.permission.C2D_MESSAGE
ADDED from AndroidManifest.xml:16:1
	android:protectionLevel
		ADDED from AndroidManifest.xml:16:74
	android:name
		ADDED from AndroidManifest.xml:16:13
uses-permission#swigglesoft.shackbrowse.permission.C2D_MESSAGE
ADDED from AndroidManifest.xml:17:1
	android:name
		ADDED from AndroidManifest.xml:17:18
uses-sdk
ADDED from AndroidManifest.xml:20:1
MERGED from com.android.support:appcompat-v7:21.0.3:15:5
MERGED from com.android.support:support-v4:23.1.0:20:5
MERGED from com.google.android.gms:play-services:6.5.87:18:5
MERGED from com.android.support:support-v4:23.1.0:20:5
MERGED from com.github.castorflex.smoothprogressbar:library:0.5.2:2:5
MERGED from com.android.support:support-v4:23.1.0:20:5
MERGED from com.afollestad:material-dialogs:0.6.2.4:8:5
MERGED from com.android.support:appcompat-v7:21.0.3:15:5
MERGED from com.android.support:support-v4:23.1.0:20:5
MERGED from com.github.navasmdc:MaterialDesign:1.4:7:5
MERGED from com.android.support:customtabs:23.1.0:20:5
MERGED from com.android.support:support-v4:23.1.0:20:5
	android:targetSdkVersion
		ADDED from AndroidManifest.xml:20:38
	android:minSdkVersion
		ADDED from AndroidManifest.xml:20:11
application
ADDED from AndroidManifest.xml:23:5
MERGED from com.android.support:appcompat-v7:21.0.3:16:5
MERGED from com.android.support:support-v4:23.1.0:22:5
MERGED from com.google.android.gms:play-services:6.5.87:20:5
MERGED from com.android.support:support-v4:23.1.0:22:5
MERGED from com.github.castorflex.smoothprogressbar:library:0.5.2:4:5
MERGED from com.android.support:support-v4:23.1.0:22:5
MERGED from com.afollestad:material-dialogs:0.6.2.4:12:5
MERGED from com.android.support:appcompat-v7:21.0.3:16:5
MERGED from com.android.support:support-v4:23.1.0:22:5
MERGED from com.github.navasmdc:MaterialDesign:1.4:11:5
MERGED from com.android.support:customtabs:23.1.0:22:5
MERGED from com.android.support:support-v4:23.1.0:22:5
	android:allowBackup
		ADDED from com.github.navasmdc:MaterialDesign:1.4:11:18
	android:label
		ADDED from AndroidManifest.xml:23:122
	android:icon
		ADDED from AndroidManifest.xml:23:85
	android:theme
		ADDED from AndroidManifest.xml:23:18
	android:hardwareAccelerated
		ADDED from AndroidManifest.xml:23:50
	android:largeHeap
		ADDED from AndroidManifest.xml:23:155
activity#swigglesoft.shackbrowse.MainActivity
ADDED from AndroidManifest.xml:24:9
	android:label
		ADDED from AndroidManifest.xml:24:19
	android:configChanges
		ADDED from AndroidManifest.xml:24:116
	android:hardwareAccelerated
		ADDED from AndroidManifest.xml:24:52
	android:name
		ADDED from AndroidManifest.xml:24:87
	android:alwaysRetainTaskState
		ADDED from AndroidManifest.xml:24:194
	android:launchMode
		ADDED from AndroidManifest.xml:24:163
intent-filter#android.intent.action.MAIN+android.intent.category.LAUNCHER
ADDED from AndroidManifest.xml:25:13
action#android.intent.action.MAIN
ADDED from AndroidManifest.xml:26:17
	android:name
		ADDED from AndroidManifest.xml:26:25
category#android.intent.category.LAUNCHER
ADDED from AndroidManifest.xml:27:17
	android:name
		ADDED from AndroidManifest.xml:27:27
intent-filter#android.intent.action.VIEW+android.intent.category.BROWSABLE+android.intent.category.DEFAULT+android.intent.category.MULTIWINDOW_LAUNCHER
ADDED from AndroidManifest.xml:29:13
	android:label
		ADDED from AndroidManifest.xml:29:65
	android:icon
		ADDED from AndroidManifest.xml:29:28
category#android.intent.category.MULTIWINDOW_LAUNCHER
ADDED from AndroidManifest.xml:30:17
	android:name
		ADDED from AndroidManifest.xml:30:27
action#android.intent.action.VIEW
ADDED from AndroidManifest.xml:31:11
	android:name
		ADDED from AndroidManifest.xml:31:19
category#android.intent.category.DEFAULT
ADDED from AndroidManifest.xml:32:11
	android:name
		ADDED from AndroidManifest.xml:32:21
category#android.intent.category.BROWSABLE
ADDED from AndroidManifest.xml:33:11
	android:name
		ADDED from AndroidManifest.xml:33:21
data
ADDED from AndroidManifest.xml:34:11
	android:host
		ADDED from AndroidManifest.xml:34:39
	android:path
		ADDED from AndroidManifest.xml:34:72
	android:scheme
		ADDED from AndroidManifest.xml:34:17
intent-filter#android.intent.action.SEND+android.intent.category.DEFAULT
ADDED from AndroidManifest.xml:41:7
action#android.intent.action.SEND
ADDED from AndroidManifest.xml:42:11
	android:name
		ADDED from AndroidManifest.xml:42:19
intent-filter#android.intent.action.SEARCH
ADDED from AndroidManifest.xml:46:7
action#android.intent.action.SEARCH
ADDED from AndroidManifest.xml:47:11
	android:name
		ADDED from AndroidManifest.xml:47:19
meta-data#android.app.searchable
ADDED from AndroidManifest.xml:49:10
	android:resource
		ADDED from AndroidManifest.xml:49:59
	android:name
		ADDED from AndroidManifest.xml:49:21
meta-data#android.app.default_searchable
ADDED from AndroidManifest.xml:51:9
	android:name
		ADDED from AndroidManifest.xml:51:20
	android:value
		ADDED from AndroidManifest.xml:51:66
activity#swigglesoft.shackbrowse.ComposePostView
ADDED from AndroidManifest.xml:52:9
	android:windowSoftInputMode
		ADDED from AndroidManifest.xml:52:51
	android:configChanges
		ADDED from AndroidManifest.xml:52:107
	android:name
		ADDED from AndroidManifest.xml:52:19
meta-data#android.support.PARENT_ACTIVITY
ADDED from AndroidManifest.xml:53:13
	android:name
		ADDED from AndroidManifest.xml:54:13
	android:value
		ADDED from AndroidManifest.xml:55:13
activity#swigglesoft.shackbrowse.DonateActivity
ADDED from AndroidManifest.xml:57:9
	android:configChanges
		ADDED from AndroidManifest.xml:57:50
	android:name
		ADDED from AndroidManifest.xml:57:19
activity#swigglesoft.shackbrowse.PicUploader
ADDED from AndroidManifest.xml:58:3
	android:label
		ADDED from AndroidManifest.xml:58:78
	android:icon
		ADDED from AndroidManifest.xml:58:41
	android:configChanges
		ADDED from AndroidManifest.xml:58:119
	android:name
		ADDED from AndroidManifest.xml:58:13
receiver#swigglesoft.shackbrowse.notifier.NotifierReceiver
ADDED from AndroidManifest.xml:77:3
	android:permission
		ADDED from AndroidManifest.xml:79:13
	android:name
		ADDED from AndroidManifest.xml:78:13
intent-filter#com.google.android.c2dm.intent.RECEIVE+swigglesoft.shackbrowse
ADDED from AndroidManifest.xml:80:13
action#com.google.android.c2dm.intent.RECEIVE
ADDED from AndroidManifest.xml:81:17
	android:name
		ADDED from AndroidManifest.xml:81:25
category#swigglesoft.shackbrowse
ADDED from AndroidManifest.xml:82:17
	android:name
		ADDED from AndroidManifest.xml:82:27
receiver#swigglesoft.shackbrowse.notifier.NotificationDeleteReceiver
ADDED from AndroidManifest.xml:85:9
	android:name
		ADDED from AndroidManifest.xml:85:19
intent-filter#swigglesoft.shackbrowse.NOTIFICATION_DELETED
ADDED from AndroidManifest.xml:86:13
action#swigglesoft.shackbrowse.NOTIFICATION_DELETED
ADDED from AndroidManifest.xml:87:17
	android:name
		ADDED from AndroidManifest.xml:87:25
service#swigglesoft.shackbrowse.PostQueueService
ADDED from AndroidManifest.xml:98:6
	android:enabled
		ADDED from AndroidManifest.xml:98:15
	android:name
		ADDED from AndroidManifest.xml:98:38
receiver#swigglesoft.shackbrowse.NetworkChangeReceiver
ADDED from AndroidManifest.xml:103:6
	android:label
		ADDED from AndroidManifest.xml:105:13
	android:name
		ADDED from AndroidManifest.xml:104:13
intent-filter#android.net.conn.CONNECTIVITY_CHANGE+android.net.wifi.WIFI_STATE_CHANGED
ADDED from AndroidManifest.xml:106:13
action#android.net.conn.CONNECTIVITY_CHANGE
ADDED from AndroidManifest.xml:107:17
	android:name
		ADDED from AndroidManifest.xml:107:25
action#android.net.wifi.WIFI_STATE_CHANGED
ADDED from AndroidManifest.xml:108:17
	android:name
		ADDED from AndroidManifest.xml:108:25
meta-data#com.google.android.gms.version
ADDED from AndroidManifest.xml:111:9
MERGED from com.google.android.gms:play-services:6.5.87:21:9
	android:name
		ADDED from AndroidManifest.xml:111:20
	android:value
		ADDED from AndroidManifest.xml:112:13
uses-library#com.sec.android.app.multiwindow
ADDED from AndroidManifest.xml:115:9
	android:required
		ADDED from AndroidManifest.xml:115:23
	android:name
		ADDED from AndroidManifest.xml:115:48
meta-data#com.samsung.android.sdk.multiwindow.multiinstance.enable
ADDED from AndroidManifest.xml:116:9
	android:name
		ADDED from AndroidManifest.xml:117:13
	android:value
		ADDED from AndroidManifest.xml:118:13
meta-data#com.sec.android.support.multiwindow
ADDED from AndroidManifest.xml:119:9
	android:name
		ADDED from AndroidManifest.xml:119:20
	android:value
		ADDED from AndroidManifest.xml:119:71
meta-data#com.sec.android.multiwindow.DEFAULT_SIZE_W
ADDED from AndroidManifest.xml:120:9
	android:resource
		ADDED from AndroidManifest.xml:120:78
	android:name
		ADDED from AndroidManifest.xml:120:20
meta-data#com.sec.android.multiwindow.DEFAULT_SIZE_H
ADDED from AndroidManifest.xml:121:9
	android:resource
		ADDED from AndroidManifest.xml:121:78
	android:name
		ADDED from AndroidManifest.xml:121:20
meta-data#com.sec.android.multiwindow.MINIMUM_SIZE_W
ADDED from AndroidManifest.xml:122:9
	android:resource
		ADDED from AndroidManifest.xml:122:78
	android:name
		ADDED from AndroidManifest.xml:122:20
meta-data#com.sec.android.multiwindow.MINIMUM_SIZE_H
ADDED from AndroidManifest.xml:123:9
	android:resource
		ADDED from AndroidManifest.xml:123:78
	android:name
		ADDED from AndroidManifest.xml:123:20